11:53:46 INFO  : Registering command handlers for SDK TCF services
11:53:47 INFO  : Launching XSCT server: xsct -n -interactive /home/ys/Github/fpga-related/FPGA/zedboard/Vivado/playground/playground.sdk/temp_xsdb_launch_script.tcl
11:53:51 INFO  : XSCT server has started successfully.
11:53:51 INFO  : Successfully done setting XSCT server connection channel  
11:53:53 INFO  : Successfully done setting SDK workspace  
11:53:53 INFO  : Processing command line option -hwspec /home/ys/Github/fpga-related/FPGA/zedboard/Vivado/playground/playground.sdk/system_ps_wrapper.hdf.
11:57:32 INFO  : Connected to target on host '127.0.0.1' and port '3121'.
11:57:33 INFO  : Jtag cable 'Digilent JTAG-HS3 210299A8E370' is selected.
11:57:33 INFO  : 'jtag frequency' command is executed.
11:57:33 INFO  : Sourcing of '/home/ys/Github/fpga-related/FPGA/zedboard/Vivado/playground/playground.sdk/system_ps_wrapper_hw_platform_0/ps7_init.tcl' is done.
11:57:33 INFO  : Context for 'APU' is selected.
11:57:33 INFO  : Hardware design information is loaded from '/home/ys/Github/fpga-related/FPGA/zedboard/Vivado/playground/playground.sdk/system_ps_wrapper_hw_platform_0/system.hdf'.
11:57:33 INFO  : 'configparams force-mem-access 1' command is executed.
11:57:33 INFO  : Context for 'APU' is selected.
11:57:33 INFO  : 'stop' command is executed.
11:57:33 INFO  : 'ps7_init' command is executed.
11:57:33 INFO  : 'ps7_post_config' command is executed.
11:57:33 INFO  : Context for processor 'ps7_cortexa9_0' is selected.
11:57:33 INFO  : Processor reset is completed for 'ps7_cortexa9_0'.
11:57:33 INFO  : Context for processor 'ps7_cortexa9_0' is selected.
11:57:34 INFO  : The application '/home/ys/Github/fpga-related/FPGA/zedboard/Vivado/playground/playground.sdk/hello_world/Debug/hello_world.elf' is downloaded to processor 'ps7_cortexa9_0'.
11:57:34 INFO  : 'configparams force-mem-access 0' command is executed.
11:57:34 INFO  : ----------------XSDB Script----------------
connect -url tcp:127.0.0.1:3121
source /home/ys/Github/fpga-related/FPGA/zedboard/Vivado/playground/playground.sdk/system_ps_wrapper_hw_platform_0/ps7_init.tcl
targets -set -nocase -filter {name =~"APU*" && jtag_cable_name =~ "Digilent JTAG-HS3 210299A8E370"} -index 0
loadhw -hw /home/ys/Github/fpga-related/FPGA/zedboard/Vivado/playground/playground.sdk/system_ps_wrapper_hw_platform_0/system.hdf -mem-ranges [list {0x40000000 0xbfffffff}]
configparams force-mem-access 1
targets -set -nocase -filter {name =~"APU*" && jtag_cable_name =~ "Digilent JTAG-HS3 210299A8E370"} -index 0
stop
ps7_init
ps7_post_config
targets -set -nocase -filter {name =~ "ARM*#0" && jtag_cable_name =~ "Digilent JTAG-HS3 210299A8E370"} -index 0
rst -processor
targets -set -nocase -filter {name =~ "ARM*#0" && jtag_cable_name =~ "Digilent JTAG-HS3 210299A8E370"} -index 0
dow /home/ys/Github/fpga-related/FPGA/zedboard/Vivado/playground/playground.sdk/hello_world/Debug/hello_world.elf
configparams force-mem-access 0
----------------End of Script----------------

11:57:34 INFO  : Context for processor 'ps7_cortexa9_0' is selected.
11:57:34 INFO  : 'con' command is executed.
11:57:34 INFO  : ----------------XSDB Script (After Launch)----------------
targets -set -nocase -filter {name =~ "ARM*#0" && jtag_cable_name =~ "Digilent JTAG-HS3 210299A8E370"} -index 0
con
----------------End of Script----------------

11:57:34 INFO  : Disconnected from the channel tcfchan#1.
11:58:11 INFO  : Connected to target on host '127.0.0.1' and port '3121'.
11:58:12 INFO  : Jtag cable 'Digilent JTAG-HS3 210299A8E370' is selected.
11:58:12 INFO  : 'jtag frequency' command is executed.
11:58:12 INFO  : Sourcing of '/home/ys/Github/fpga-related/FPGA/zedboard/Vivado/playground/playground.sdk/system_ps_wrapper_hw_platform_0/ps7_init.tcl' is done.
11:58:12 INFO  : Context for 'APU' is selected.
11:58:13 INFO  : Hardware design information is loaded from '/home/ys/Github/fpga-related/FPGA/zedboard/Vivado/playground/playground.sdk/system_ps_wrapper_hw_platform_0/system.hdf'.
11:58:13 INFO  : 'configparams force-mem-access 1' command is executed.
11:58:13 INFO  : Context for 'APU' is selected.
11:58:13 INFO  : 'stop' command is executed.
11:58:13 INFO  : 'ps7_init' command is executed.
11:58:13 INFO  : 'ps7_post_config' command is executed.
11:58:13 INFO  : Context for processor 'ps7_cortexa9_0' is selected.
11:58:13 INFO  : Processor reset is completed for 'ps7_cortexa9_0'.
11:58:13 INFO  : Context for processor 'ps7_cortexa9_0' is selected.
11:58:14 INFO  : The application '/home/ys/Github/fpga-related/FPGA/zedboard/Vivado/playground/playground.sdk/hello_world/Debug/hello_world.elf' is downloaded to processor 'ps7_cortexa9_0'.
11:58:14 INFO  : 'configparams force-mem-access 0' command is executed.
11:58:14 INFO  : ----------------XSDB Script----------------
connect -url tcp:127.0.0.1:3121
source /home/ys/Github/fpga-related/FPGA/zedboard/Vivado/playground/playground.sdk/system_ps_wrapper_hw_platform_0/ps7_init.tcl
targets -set -nocase -filter {name =~"APU*" && jtag_cable_name =~ "Digilent JTAG-HS3 210299A8E370"} -index 0
loadhw -hw /home/ys/Github/fpga-related/FPGA/zedboard/Vivado/playground/playground.sdk/system_ps_wrapper_hw_platform_0/system.hdf -mem-ranges [list {0x40000000 0xbfffffff}]
configparams force-mem-access 1
targets -set -nocase -filter {name =~"APU*" && jtag_cable_name =~ "Digilent JTAG-HS3 210299A8E370"} -index 0
stop
ps7_init
ps7_post_config
targets -set -nocase -filter {name =~ "ARM*#0" && jtag_cable_name =~ "Digilent JTAG-HS3 210299A8E370"} -index 0
rst -processor
targets -set -nocase -filter {name =~ "ARM*#0" && jtag_cable_name =~ "Digilent JTAG-HS3 210299A8E370"} -index 0
dow /home/ys/Github/fpga-related/FPGA/zedboard/Vivado/playground/playground.sdk/hello_world/Debug/hello_world.elf
configparams force-mem-access 0
----------------End of Script----------------

11:58:14 INFO  : Context for processor 'ps7_cortexa9_0' is selected.
11:58:14 INFO  : 'con' command is executed.
11:58:14 INFO  : ----------------XSDB Script (After Launch)----------------
targets -set -nocase -filter {name =~ "ARM*#0" && jtag_cable_name =~ "Digilent JTAG-HS3 210299A8E370"} -index 0
con
----------------End of Script----------------

11:58:14 INFO  : Disconnected from the channel tcfchan#2.
