15:07:47 INFO  : Registering command handlers for SDK TCF services
15:07:48 INFO  : Launching XSCT server: xsct -n -interactive /home/ys/Github/fpga-related/FPGA/zedboard/Vivado/playground/playground.sdk/temp_xsdb_launch_script.tcl
15:07:52 INFO  : XSCT server has started successfully.
15:07:55 INFO  : Successfully done setting XSCT server connection channel  
15:07:55 INFO  : Successfully done setting SDK workspace  
15:07:55 INFO  : Processing command line option -hwspec /home/ys/Github/fpga-related/FPGA/zedboard/Vivado/playground/playground.sdk/system_ps_wrapper.hdf.
15:09:15 INFO  : Connected to target on host '127.0.0.1' and port '3121'.
15:09:16 INFO  : Jtag cable 'Digilent JTAG-HS3 210299A8E370' is selected.
15:09:16 INFO  : 'jtag frequency' command is executed.
15:09:16 INFO  : Sourcing of '/home/ys/Github/fpga-related/FPGA/zedboard/Vivado/playground/playground.sdk/system_ps_wrapper_hw_platform_0/ps7_init.tcl' is done.
15:09:16 INFO  : Context for 'APU' is selected.
15:09:16 INFO  : Hardware design information is loaded from '/home/ys/Github/fpga-related/FPGA/zedboard/Vivado/playground/playground.sdk/system_ps_wrapper_hw_platform_0/system.hdf'.
15:09:16 INFO  : 'configparams force-mem-access 1' command is executed.
15:09:16 INFO  : Context for 'APU' is selected.
15:09:16 INFO  : 'stop' command is executed.
15:09:16 INFO  : 'ps7_init' command is executed.
15:09:16 INFO  : 'ps7_post_config' command is executed.
15:09:16 INFO  : Context for processor 'ps7_cortexa9_0' is selected.
15:09:16 INFO  : Processor reset is completed for 'ps7_cortexa9_0'.
15:09:16 INFO  : Context for processor 'ps7_cortexa9_0' is selected.
15:09:16 INFO  : The application '/home/ys/Github/fpga-related/FPGA/zedboard/Vivado/playground/playground.sdk/GPIO_LD9/Debug/GPIO_LD9.elf' is downloaded to processor 'ps7_cortexa9_0'.
15:09:16 INFO  : 'configparams force-mem-access 0' command is executed.
15:09:16 INFO  : ----------------XSDB Script----------------
connect -url tcp:127.0.0.1:3121
source /home/ys/Github/fpga-related/FPGA/zedboard/Vivado/playground/playground.sdk/system_ps_wrapper_hw_platform_0/ps7_init.tcl
targets -set -nocase -filter {name =~"APU*" && jtag_cable_name =~ "Digilent JTAG-HS3 210299A8E370"} -index 0
loadhw -hw /home/ys/Github/fpga-related/FPGA/zedboard/Vivado/playground/playground.sdk/system_ps_wrapper_hw_platform_0/system.hdf -mem-ranges [list {0x40000000 0xbfffffff}]
configparams force-mem-access 1
targets -set -nocase -filter {name =~"APU*" && jtag_cable_name =~ "Digilent JTAG-HS3 210299A8E370"} -index 0
stop
ps7_init
ps7_post_config
targets -set -nocase -filter {name =~ "ARM*#0" && jtag_cable_name =~ "Digilent JTAG-HS3 210299A8E370"} -index 0
rst -processor
targets -set -nocase -filter {name =~ "ARM*#0" && jtag_cable_name =~ "Digilent JTAG-HS3 210299A8E370"} -index 0
dow /home/ys/Github/fpga-related/FPGA/zedboard/Vivado/playground/playground.sdk/GPIO_LD9/Debug/GPIO_LD9.elf
configparams force-mem-access 0
----------------End of Script----------------

15:09:16 INFO  : Context for processor 'ps7_cortexa9_0' is selected.
15:09:16 INFO  : 'con' command is executed.
15:09:16 INFO  : ----------------XSDB Script (After Launch)----------------
targets -set -nocase -filter {name =~ "ARM*#0" && jtag_cable_name =~ "Digilent JTAG-HS3 210299A8E370"} -index 0
con
----------------End of Script----------------

15:09:16 INFO  : Disconnected from the channel tcfchan#1.
15:20:03 INFO  : Registering command handlers for SDK TCF services
15:20:04 INFO  : Launching XSCT server: xsct -n -interactive /home/ys/Github/fpga-related/FPGA/zedboard/Vivado/playground/playground.sdk/temp_xsdb_launch_script.tcl
15:20:06 INFO  : XSCT server has started successfully.
15:20:06 INFO  : Successfully done setting XSCT server connection channel  
15:20:06 INFO  : Successfully done setting SDK workspace  
15:20:06 INFO  : Processing command line option -hwspec /home/ys/Github/fpga-related/FPGA/zedboard/Vivado/playground/playground.sdk/system_ps_wrapper.hdf.
15:20:06 INFO  : Checking for hwspec changes in the project system_ps_wrapper_hw_platform_0.
